<?xml version="1.0" encoding="UTF-8"?>
<testsuite xmlns:xsi="http://www.w3.org/2001/XMLSchema-instance" xsi:noNamespaceSchemaLocation="https://maven.apache.org/surefire/maven-surefire-plugin/xsd/surefire-test-report.xsd" version="3.0.2" name="com.financial.common.service.impl.AESEncryptionServiceTest" time="0.082" tests="10" errors="0" skipped="0" failures="0">
  <properties>
[...]
</properties>
  <testcase name="shouldThrowExceptionForInvalidSecretKey" classname="com.financial.common.service.impl.AESEncryptionServiceTest" time="0.053">
    <system-out><![CDATA[2025-07-09T14:33:39.230-05:00  INFO 20692 --- [           main] c.f.c.service.impl.AESEncryptionService  : AES encryption service initialized with 128-bit key (URL-safe)
]]></system-out>
  </testcase>
  <testcase name="shouldWorkWith32ByteKey" classname="com.financial.common.service.impl.AESEncryptionServiceTest" time="0.009">
    <system-out><![CDATA[2025-07-09T14:33:39.235-05:00  INFO 20692 --- [           main] c.f.c.service.impl.AESEncryptionService  : AES encryption service initialized with 128-bit key (URL-safe)
2025-07-09T14:33:39.243-05:00  INFO 20692 --- [           main] c.f.c.service.impl.AESEncryptionService  : AES encryption service initialized with 256-bit key (URL-safe)
]]></system-out>
  </testcase>
  <testcase name="shouldThrowExceptionForEmptySecretKey" classname="com.financial.common.service.impl.AESEncryptionServiceTest" time="0.001">
    <system-out><![CDATA[2025-07-09T14:33:39.245-05:00  INFO 20692 --- [           main] c.f.c.service.impl.AESEncryptionService  : AES encryption service initialized with 128-bit key (URL-safe)
]]></system-out>
  </testcase>
  <testcase name="shouldHandleEmptyStringEncryption" classname="com.financial.common.service.impl.AESEncryptionServiceTest" time="0.0">
    <system-out><![CDATA[2025-07-09T14:33:39.245-05:00  INFO 20692 --- [           main] c.f.c.service.impl.AESEncryptionService  : AES encryption service initialized with 128-bit key (URL-safe)
]]></system-out>
  </testcase>
  <testcase name="shouldWorkWith24ByteKey" classname="com.financial.common.service.impl.AESEncryptionServiceTest" time="0.0">
    <system-out><![CDATA[2025-07-09T14:33:39.245-05:00  INFO 20692 --- [           main] c.f.c.service.impl.AESEncryptionService  : AES encryption service initialized with 128-bit key (URL-safe)
2025-07-09T14:33:39.245-05:00  INFO 20692 --- [           main] c.f.c.service.impl.AESEncryptionService  : AES encryption service initialized with 192-bit key (URL-safe)
]]></system-out>
  </testcase>
  <testcase name="shouldThrowExceptionForInvalidEncryptedData" classname="com.financial.common.service.impl.AESEncryptionServiceTest" time="0.002">
    <system-out><![CDATA[2025-07-09T14:33:39.254-05:00  INFO 20692 --- [           main] c.f.c.service.impl.AESEncryptionService  : AES encryption service initialized with 128-bit key (URL-safe)
2025-07-09T14:33:39.256-05:00 ERROR 20692 --- [           main] c.f.c.service.impl.AESEncryptionService  : Error decrypting data: Input length must be multiple of 16 when decrypting with padded cipher
]]></system-out>
  </testcase>
  <testcase name="shouldHandleDifferentDataTypes" classname="com.financial.common.service.impl.AESEncryptionServiceTest" time="0.005">
    <system-out><![CDATA[2025-07-09T14:33:39.256-05:00  INFO 20692 --- [           main] c.f.c.service.impl.AESEncryptionService  : AES encryption service initialized with 128-bit key (URL-safe)
]]></system-out>
  </testcase>
  <testcase name="shouldEncryptAndDecryptDataSuccessfully" classname="com.financial.common.service.impl.AESEncryptionServiceTest" time="0.003">
    <system-out><![CDATA[2025-07-09T14:33:39.261-05:00  INFO 20692 --- [           main] c.f.c.service.impl.AESEncryptionService  : AES encryption service initialized with 128-bit key (URL-safe)
]]></system-out>
  </testcase>
  <testcase name="shouldGenerateDifferentEncryptedStrings" classname="com.financial.common.service.impl.AESEncryptionServiceTest" time="0.0">
    <system-out><![CDATA[2025-07-09T14:33:39.264-05:00  INFO 20692 --- [           main] c.f.c.service.impl.AESEncryptionService  : AES encryption service initialized with 128-bit key (URL-safe)
]]></system-out>
  </testcase>
  <testcase name="shouldThrowExceptionForNullSecretKey" classname="com.financial.common.service.impl.AESEncryptionServiceTest" time="0.0">
    <system-out><![CDATA[2025-07-09T14:33:39.264-05:00  INFO 20692 --- [           main] c.f.c.service.impl.AESEncryptionService  : AES encryption service initialized with 128-bit key (URL-safe)
]]></system-out>
  </testcase>
</testsuite>