<?xml version="1.0" encoding="UTF-8"?>
<testsuite xmlns:xsi="http://www.w3.org/2001/XMLSchema-instance" xsi:noNamespaceSchemaLocation="https://maven.apache.org/surefire/maven-surefire-plugin/xsd/surefire-test-report.xsd" version="3.0.2" name="com.financial.common.service.EncryptionServiceIntegrationTest" time="4.346" tests="7" errors="0" skipped="0" failures="0">
  <properties>
[...]
</properties>
  <testcase name="shouldRejectInvalidInputDuringEncryption" classname="com.financial.common.service.EncryptionServiceIntegrationTest" time="1.986">
    <system-out><![CDATA[
  .   ____          _            __ _ _
 /\\ / ___'_ __ _ _(_)_ __  __ _ \ \ \ \
( ( )\___ | '_ | '_| | '_ \/ _` | \ \ \ \
 \\/  ___)| |_)| | | | | || (_| |  ) ) ) )
  '  |____| .__|_| |_|_| |_\__, | / / / /
 =========|_|==============|___/=/_/_/_/

 :: Spring Boot ::                (v3.5.3)

20:44:11.159 INFO  [main] c.f.c.s.EncryptionServiceIntegrationTest - Starting EncryptionServiceIntegrationTest using Java 17.0.15 with PID 34492 (started by yoibe in C:\Users\yoibe\Desktop\financial-api-microservices\common)
20:44:11.159 INFO  [main] c.f.c.s.EncryptionServiceIntegrationTest - No active profile set, falling back to 1 default profile: "default"
20:44:11.655 INFO  [main] c.f.c.s.i.EnhancedAESEncryptionService - Enhanced AES encryption service initialized successfully with 128-bit key (URL-safe)
20:44:11.697 INFO  [main] c.f.c.s.EncryptionServiceIntegrationTest - Started EncryptionServiceIntegrationTest in 1.071 seconds (process running for 3.223)
20:44:13.689 INFO  [main] c.f.c.s.i.EnhancedAESEncryptionService - Starting encryption process (URL-safe)
20:44:13.690 WARN  [main] c.f.common.service.ValidationService - Attempted to encrypt null or empty data
20:44:13.690 INFO  [main] c.f.c.s.i.EnhancedAESEncryptionService - Starting encryption process (URL-safe)
20:44:13.690 WARN  [main] c.f.common.service.ValidationService - Attempted to encrypt null or empty data
20:44:13.690 INFO  [main] c.f.c.s.i.EnhancedAESEncryptionService - Starting encryption process (URL-safe)
20:44:13.690 WARN  [main] c.f.common.service.ValidationService - Attempted to encrypt null or empty data
]]></system-out>
  </testcase>
  <testcase name="shouldValidateCodigoUnicoFormatDuringDecryption" classname="com.financial.common.service.EncryptionServiceIntegrationTest" time="0.017">
    <system-out><![CDATA[20:44:13.714 INFO  [main] c.f.c.s.i.EnhancedAESEncryptionService - Starting encryption process (URL-safe)
20:44:13.714 INFO  [main] c.f.c.s.i.EnhancedAESEncryptionService - Data encrypted successfully (URL-safe), result length: 22
20:44:13.724 INFO  [main] c.f.c.s.i.EnhancedAESEncryptionService - Starting decryption process (URL-safe)
20:44:13.725 INFO  [main] c.f.c.s.i.EnhancedAESEncryptionService - Data decrypted successfully (URL-safe), result length: 11
]]></system-out>
  </testcase>
  <testcase name="shouldMaintainConsistencyAcrossMultipleOperations" classname="com.financial.common.service.EncryptionServiceIntegrationTest" time="0.012">
    <system-out><![CDATA[20:44:13.735 INFO  [main] c.f.c.s.i.EnhancedAESEncryptionService - Starting encryption process (URL-safe)
20:44:13.737 INFO  [main] c.f.c.s.i.EnhancedAESEncryptionService - Data encrypted successfully (URL-safe), result length: 22
20:44:13.737 INFO  [main] c.f.c.s.i.EnhancedAESEncryptionService - Starting decryption process (URL-safe)
20:44:13.737 INFO  [main] c.f.c.s.i.EnhancedAESEncryptionService - Data decrypted successfully (URL-safe), result length: 11
20:44:13.738 INFO  [main] c.f.c.s.i.EnhancedAESEncryptionService - Starting encryption process (URL-safe)
20:44:13.742 INFO  [main] c.f.c.s.i.EnhancedAESEncryptionService - Data encrypted successfully (URL-safe), result length: 22
20:44:13.742 INFO  [main] c.f.c.s.i.EnhancedAESEncryptionService - Starting decryption process (URL-safe)
20:44:13.743 INFO  [main] c.f.c.s.i.EnhancedAESEncryptionService - Data decrypted successfully (URL-safe), result length: 11
]]></system-out>
  </testcase>
  <testcase name="shouldAutowireEncryptionServiceSuccessfully" classname="com.financial.common.service.EncryptionServiceIntegrationTest" time="0.013"/>
  <testcase name="shouldPerformFullEncryptionDecryptionCycleWithValidation" classname="com.financial.common.service.EncryptionServiceIntegrationTest" time="0.009">
    <system-out><![CDATA[20:44:13.760 INFO  [main] c.f.c.s.i.EnhancedAESEncryptionService - Starting encryption process (URL-safe)
20:44:13.760 INFO  [main] c.f.c.s.i.EnhancedAESEncryptionService - Data encrypted successfully (URL-safe), result length: 22
20:44:13.760 INFO  [main] c.f.c.s.i.EnhancedAESEncryptionService - Starting decryption process (URL-safe)
20:44:13.760 INFO  [main] c.f.c.s.i.EnhancedAESEncryptionService - Data decrypted successfully (URL-safe), result length: 11
]]></system-out>
  </testcase>
  <testcase name="shouldHandleMultipleValidCodigoUnicoFormats" classname="com.financial.common.service.EncryptionServiceIntegrationTest" time="0.058">
    <system-out><![CDATA[20:44:13.782 INFO  [main] c.f.c.s.i.EnhancedAESEncryptionService - Starting encryption process (URL-safe)
20:44:13.782 INFO  [main] c.f.c.s.i.EnhancedAESEncryptionService - Data encrypted successfully (URL-safe), result length: 22
20:44:13.784 INFO  [main] c.f.c.s.i.EnhancedAESEncryptionService - Starting decryption process (URL-safe)
20:44:13.798 INFO  [main] c.f.c.s.i.EnhancedAESEncryptionService - Data decrypted successfully (URL-safe), result length: 11
20:44:13.803 INFO  [main] c.f.c.s.i.EnhancedAESEncryptionService - Starting encryption process (URL-safe)
20:44:13.804 INFO  [main] c.f.c.s.i.EnhancedAESEncryptionService - Data encrypted successfully (URL-safe), result length: 22
20:44:13.805 INFO  [main] c.f.c.s.i.EnhancedAESEncryptionService - Starting decryption process (URL-safe)
20:44:13.807 INFO  [main] c.f.c.s.i.EnhancedAESEncryptionService - Data decrypted successfully (URL-safe), result length: 10
20:44:13.808 INFO  [main] c.f.c.s.i.EnhancedAESEncryptionService - Starting encryption process (URL-safe)
20:44:13.809 INFO  [main] c.f.c.s.i.EnhancedAESEncryptionService - Data encrypted successfully (URL-safe), result length: 22
20:44:13.814 INFO  [main] c.f.c.s.i.EnhancedAESEncryptionService - Starting decryption process (URL-safe)
20:44:13.816 INFO  [main] c.f.c.s.i.EnhancedAESEncryptionService - Data decrypted successfully (URL-safe), result length: 10
20:44:13.817 INFO  [main] c.f.c.s.i.EnhancedAESEncryptionService - Starting encryption process (URL-safe)
20:44:13.818 INFO  [main] c.f.c.s.i.EnhancedAESEncryptionService - Data encrypted successfully (URL-safe), result length: 22
20:44:13.818 INFO  [main] c.f.c.s.i.EnhancedAESEncryptionService - Starting decryption process (URL-safe)
20:44:13.819 INFO  [main] c.f.c.s.i.EnhancedAESEncryptionService - Data decrypted successfully (URL-safe), result length: 12
20:44:13.820 INFO  [main] c.f.c.s.i.EnhancedAESEncryptionService - Starting encryption process (URL-safe)
20:44:13.821 INFO  [main] c.f.c.s.i.EnhancedAESEncryptionService - Data encrypted successfully (URL-safe), result length: 22
20:44:13.821 INFO  [main] c.f.c.s.i.EnhancedAESEncryptionService - Starting decryption process (URL-safe)
20:44:13.823 INFO  [main] c.f.c.s.i.EnhancedAESEncryptionService - Data decrypted successfully (URL-safe), result length: 14
]]></system-out>
  </testcase>
  <testcase name="shouldRejectInvalidEncryptedDataDuringDecryption" classname="com.financial.common.service.EncryptionServiceIntegrationTest" time="0.01">
    <system-out><![CDATA[20:44:13.834 INFO  [main] c.f.c.s.i.EnhancedAESEncryptionService - Starting decryption process (URL-safe)
20:44:13.836 ERROR [main] c.f.c.s.i.EnhancedAESEncryptionService - Unexpected error during decryption: Input length must be multiple of 16 when decrypting with padded cipher
20:44:13.837 INFO  [main] c.f.c.s.i.EnhancedAESEncryptionService - Starting decryption process (URL-safe)
20:44:13.838 WARN  [main] c.f.common.service.ValidationService - Attempted to decrypt null or empty data
20:44:13.838 INFO  [main] c.f.c.s.i.EnhancedAESEncryptionService - Starting decryption process (URL-safe)
20:44:13.838 WARN  [main] c.f.common.service.ValidationService - Attempted to decrypt null or empty data
]]></system-out>
  </testcase>
</testsuite>